[ 2017-04-13T14:25:43+08:00 ] ::1 /wechatMall/
INFO: [ app_init ] --START--
INFO: Run Behavior\BuildLiteBehavior [ RunTime:0.000646s ]
INFO: [ app_init ] --END-- [ RunTime:0.022641s ]
INFO: [ app_begin ] --START--
INFO: Run Behavior\ReadHtmlCacheBehavior [ RunTime:0.018996s ]
INFO: [ app_begin ] --END-- [ RunTime:0.021217s ]
SQL: SHOW COLUMNS FROM `weixin_ad` [ RunTime:0.0594s ]
SQL: SELECT `url`,`ad_img`,`desc1`,`desc2` FROM `weixin_ad`  [ RunTime:0.0276s ]
SQL: SHOW COLUMNS FROM `item` [ RunTime:0.0229s ]
SQL: SELECT * FROM `item` WHERE ( hot=1 and status =1 )  [ RunTime:0.0023s ]
INFO: [ view_parse ] --START--
INFO: [ template_filter ] --START--
INFO: Run Behavior\ContentReplaceBehavior [ RunTime:0.001994s ]
INFO: [ template_filter ] --END-- [ RunTime:0.004812s ]
INFO: Run Behavior\ParseTemplateBehavior [ RunTime:0.567967s ]
INFO: [ view_parse ] --END-- [ RunTime:0.570885s ]
INFO: [ view_filter ] --START--
INFO: Run Behavior\WriteHtmlCacheBehavior [ RunTime:0.071713s ]
INFO: [ view_filter ] --END-- [ RunTime:0.075366s ]

[ 2017-04-13T14:25:55+08:00 ] ::1 /wechatMall/index.php/Home/All/all.html
INFO: [ app_init ] --START--
INFO: Run Behavior\BuildLiteBehavior [ RunTime:0.000616s ]
INFO: [ app_init ] --END-- [ RunTime:0.006455s ]
INFO: [ app_begin ] --START--
INFO: Run Behavior\ReadHtmlCacheBehavior [ RunTime:0.004934s ]
INFO: [ app_begin ] --END-- [ RunTime:0.008479s ]
SQL: SHOW COLUMNS FROM `item` [ RunTime:0.1083s ]
SQL: SELECT * FROM `item` WHERE ( type = 0 )  [ RunTime:0.0379s ]
SQL: SELECT * FROM `item` WHERE ( type = 1 )  [ RunTime:0.1337s ]
SQL: SELECT * FROM `item` WHERE ( type = 2 )  [ RunTime:0.0013s ]
INFO: [ view_parse ] --START--
INFO: [ template_filter ] --START--
INFO: Run Behavior\ContentReplaceBehavior [ RunTime:0.003017s ]
INFO: [ template_filter ] --END-- [ RunTime:0.007579s ]
NOTIC: [8] Undefined variable: searchGoods F:\BaiduYunDownload\PHP\wampserver\wamp\www\wechatMall\Application\Runtime\Cache\Home\3f2d8c8b1653ebd43a12354051aa0fa6.php 第 18 行.
INFO: Run Behavior\ParseTemplateBehavior [ RunTime:1.479749s ]
INFO: [ view_parse ] --END-- [ RunTime:1.483166s ]
INFO: [ view_filter ] --START--
INFO: Run Behavior\WriteHtmlCacheBehavior [ RunTime:0.003990s ]
INFO: [ view_filter ] --END-- [ RunTime:0.007967s ]
INFO: [ app_end ] --START--
INFO: Run Behavior\ShowPageTraceBehavior [ RunTime:0.495017s ]
INFO: [ app_end ] --END-- [ RunTime:0.498017s ]

[ 2017-04-13T14:27:18+08:00 ] ::1 /wechatMall/index.php/Home/All/all.html
INFO: [ app_init ] --START--
INFO: Run Behavior\BuildLiteBehavior [ RunTime:0.000400s ]
INFO: [ app_init ] --END-- [ RunTime:0.003519s ]
INFO: [ app_begin ] --START--
INFO: Run Behavior\ReadHtmlCacheBehavior [ RunTime:0.003135s ]
INFO: [ app_begin ] --END-- [ RunTime:0.005724s ]
SQL: SHOW COLUMNS FROM `item` [ RunTime:0.0073s ]
SQL: SELECT * FROM `item` WHERE ( type = 0 )  [ RunTime:0.0019s ]
SQL: SELECT * FROM `item` WHERE ( type = 1 )  [ RunTime:0.0012s ]
SQL: SELECT * FROM `item` WHERE ( type = 2 )  [ RunTime:0.0011s ]
INFO: [ view_parse ] --START--
INFO: [ template_filter ] --START--
INFO: Run Behavior\ContentReplaceBehavior [ RunTime:0.001974s ]
INFO: [ template_filter ] --END-- [ RunTime:0.005685s ]
NOTIC: [8] Undefined variable: searchGoods F:\BaiduYunDownload\PHP\wampserver\wamp\www\wechatMall\Application\Runtime\Cache\Home\3f2d8c8b1653ebd43a12354051aa0fa6.php 第 18 行.
INFO: Run Behavior\ParseTemplateBehavior [ RunTime:0.227245s ]
INFO: [ view_parse ] --END-- [ RunTime:0.229449s ]
INFO: [ view_filter ] --START--
INFO: Run Behavior\WriteHtmlCacheBehavior [ RunTime:0.003139s ]
INFO: [ view_filter ] --END-- [ RunTime:0.005294s ]
INFO: [ app_end ] --START--
INFO: Run Behavior\ShowPageTraceBehavior [ RunTime:0.004394s ]
INFO: [ app_end ] --END-- [ RunTime:0.006954s ]

[ 2017-04-13T14:27:31+08:00 ] ::1 /wechatMall/index.php/Home/Detail/detail/id/7.html
INFO: [ app_init ] --START--
INFO: Run Behavior\BuildLiteBehavior [ RunTime:0.000405s ]
INFO: [ app_init ] --END-- [ RunTime:0.004068s ]
INFO: [ app_begin ] --START--
INFO: Run Behavior\ReadHtmlCacheBehavior [ RunTime:0.005305s ]
INFO: [ app_begin ] --END-- [ RunTime:0.009116s ]
SQL: SHOW COLUMNS FROM `item` [ RunTime:0.0099s ]
SQL: SELECT `id`,`name`,`img`,`price`,`brief` FROM `item` WHERE `id` = 7 LIMIT 1   [ RunTime:0.0012s ]
SQL: SHOW COLUMNS FROM `item_img` [ RunTime:0.0227s ]
SQL: SELECT `url` FROM `item_img` WHERE `item_id` = 7  [ RunTime:0.0645s ]
INFO: [ view_parse ] --START--
INFO: [ template_filter ] --START--
INFO: Run Behavior\ContentReplaceBehavior [ RunTime:0.001434s ]
INFO: [ template_filter ] --END-- [ RunTime:0.004601s ]
NOTIC: [8] Undefined variable: aa F:\BaiduYunDownload\PHP\wampserver\wamp\www\wechatMall\Application\Runtime\Cache\Home\8353e525594791380f28a6bb7ab039bd.php 第 12 行.
INFO: Run Behavior\ParseTemplateBehavior [ RunTime:0.137569s ]
INFO: [ view_parse ] --END-- [ RunTime:0.140705s ]
INFO: [ view_filter ] --START--
INFO: Run Behavior\WriteHtmlCacheBehavior [ RunTime:0.003667s ]
INFO: [ view_filter ] --END-- [ RunTime:0.006643s ]
INFO: [ app_end ] --START--
INFO: Run Behavior\ShowPageTraceBehavior [ RunTime:0.003729s ]
INFO: [ app_end ] --END-- [ RunTime:0.007249s ]

[ 2017-04-13T14:27:35+08:00 ] ::1 /wechatMall/index.php/Home/Shopcart/add_cart.html
INFO: [ app_init ] --START--
INFO: Run Behavior\BuildLiteBehavior [ RunTime:0.000669s ]
INFO: [ app_init ] --END-- [ RunTime:0.005764s ]
INFO: [ app_begin ] --START--
INFO: Run Behavior\ReadHtmlCacheBehavior [ RunTime:0.004862s ]
INFO: [ app_begin ] --END-- [ RunTime:0.007640s ]
SQL: SHOW COLUMNS FROM `item` [ RunTime:0.0293s ]
SQL: SELECT `id`,`name`,`img`,`price` FROM `item` WHERE `id` = 7 LIMIT 1   [ RunTime:0.0010s ]

[ 2017-04-13T14:27:35+08:00 ] ::1 /wechatMall/index.php/Home/Shopcart/add_cart.html
INFO: [ app_init ] --START--
INFO: Run Behavior\BuildLiteBehavior [ RunTime:0.000394s ]
INFO: [ app_init ] --END-- [ RunTime:0.003779s ]
INFO: [ app_begin ] --START--
INFO: Run Behavior\ReadHtmlCacheBehavior [ RunTime:0.005113s ]
INFO: [ app_begin ] --END-- [ RunTime:0.007785s ]
SQL: SHOW COLUMNS FROM `item` [ RunTime:0.0115s ]
SQL: SELECT `id`,`name`,`img`,`price` FROM `item` WHERE `id` = 7 LIMIT 1   [ RunTime:0.0013s ]

[ 2017-04-13T14:27:35+08:00 ] ::1 /wechatMall/index.php/Home/Shopcart/add_cart.html
INFO: [ app_init ] --START--
INFO: Run Behavior\BuildLiteBehavior [ RunTime:0.000415s ]
INFO: [ app_init ] --END-- [ RunTime:0.003649s ]
INFO: [ app_begin ] --START--
INFO: Run Behavior\ReadHtmlCacheBehavior [ RunTime:0.003565s ]
INFO: [ app_begin ] --END-- [ RunTime:0.005468s ]
SQL: SHOW COLUMNS FROM `item` [ RunTime:0.0092s ]
SQL: SELECT `id`,`name`,`img`,`price` FROM `item` WHERE `id` = 7 LIMIT 1   [ RunTime:0.0013s ]

[ 2017-04-13T14:27:36+08:00 ] ::1 /wechatMall/index.php/Home/Shopcart/add_cart.html
INFO: [ app_init ] --START--
INFO: Run Behavior\BuildLiteBehavior [ RunTime:0.000846s ]
INFO: [ app_init ] --END-- [ RunTime:0.005714s ]
INFO: [ app_begin ] --START--
INFO: Run Behavior\ReadHtmlCacheBehavior [ RunTime:0.003307s ]
INFO: [ app_begin ] --END-- [ RunTime:0.005753s ]
SQL: SHOW COLUMNS FROM `item` [ RunTime:0.0093s ]
SQL: SELECT `id`,`name`,`img`,`price` FROM `item` WHERE `id` = 7 LIMIT 1   [ RunTime:0.0013s ]

[ 2017-04-13T14:27:36+08:00 ] ::1 /wechatMall/index.php/Home/Shopcart/add_cart.html
INFO: [ app_init ] --START--
INFO: Run Behavior\BuildLiteBehavior [ RunTime:0.000582s ]
INFO: [ app_init ] --END-- [ RunTime:0.005958s ]
INFO: [ app_begin ] --START--
INFO: Run Behavior\ReadHtmlCacheBehavior [ RunTime:0.003315s ]
INFO: [ app_begin ] --END-- [ RunTime:0.006365s ]
SQL: SHOW COLUMNS FROM `item` [ RunTime:0.0109s ]
SQL: SELECT `id`,`name`,`img`,`price` FROM `item` WHERE `id` = 0 LIMIT 1   [ RunTime:0.0014s ]

[ 2017-04-13T14:27:37+08:00 ] ::1 /wechatMall/index.php/Home/Shopcart/index.html
INFO: [ app_init ] --START--
INFO: Run Behavior\BuildLiteBehavior [ RunTime:0.000682s ]
INFO: [ app_init ] --END-- [ RunTime:0.006266s ]
INFO: [ app_begin ] --START--
INFO: Run Behavior\ReadHtmlCacheBehavior [ RunTime:0.005761s ]
INFO: [ app_begin ] --END-- [ RunTime:0.009547s ]
INFO: [ view_parse ] --START--
INFO: [ template_filter ] --START--
INFO: Run Behavior\ContentReplaceBehavior [ RunTime:0.002285s ]
INFO: [ template_filter ] --END-- [ RunTime:0.005849s ]
NOTIC: [8] Undefined index: name F:\BaiduYunDownload\PHP\wampserver\wamp\www\wechatMall\Application\Runtime\Cache\Home\e6d5ffd3f373e09d581ce6b44a64e7d4.php 第 21 行.
INFO: Run Behavior\ParseTemplateBehavior [ RunTime:0.216619s ]
INFO: [ view_parse ] --END-- [ RunTime:0.219523s ]
INFO: [ view_filter ] --START--
INFO: Run Behavior\WriteHtmlCacheBehavior [ RunTime:0.004769s ]
INFO: [ view_filter ] --END-- [ RunTime:0.008259s ]
INFO: [ app_end ] --START--
INFO: Run Behavior\ShowPageTraceBehavior [ RunTime:0.003258s ]
INFO: [ app_end ] --END-- [ RunTime:0.006131s ]

[ 2017-04-13T14:27:39+08:00 ] ::1 /wechatMall/index.php/Home/Shopcart/minus.html
INFO: [ app_init ] --START--
INFO: Run Behavior\BuildLiteBehavior [ RunTime:0.000399s ]
INFO: [ app_init ] --END-- [ RunTime:0.004116s ]
INFO: [ app_begin ] --START--
INFO: Run Behavior\ReadHtmlCacheBehavior [ RunTime:0.006001s ]
INFO: [ app_begin ] --END-- [ RunTime:0.008830s ]
SQL: SHOW COLUMNS FROM `item` [ RunTime:0.0095s ]
SQL: SELECT `id`,`name`,`price` FROM `item` WHERE `id` = 7 LIMIT 1   [ RunTime:0.0010s ]
INFO: [ app_end ] --START--
INFO: Run Behavior\ShowPageTraceBehavior [ RunTime:0.003088s ]
INFO: [ app_end ] --END-- [ RunTime:0.005233s ]

[ 2017-04-13T14:27:40+08:00 ] ::1 /wechatMall/index.php/Home/Shopcart/minus.html
INFO: [ app_init ] --START--
INFO: Run Behavior\BuildLiteBehavior [ RunTime:0.000398s ]
INFO: [ app_init ] --END-- [ RunTime:0.003622s ]
INFO: [ app_begin ] --START--
INFO: Run Behavior\ReadHtmlCacheBehavior [ RunTime:0.004175s ]
INFO: [ app_begin ] --END-- [ RunTime:0.006746s ]
SQL: SHOW COLUMNS FROM `item` [ RunTime:0.0095s ]
SQL: SELECT `id`,`name`,`price` FROM `item` WHERE `id` = 7 LIMIT 1   [ RunTime:0.0013s ]
INFO: [ app_end ] --START--
INFO: Run Behavior\ShowPageTraceBehavior [ RunTime:0.002907s ]
INFO: [ app_end ] --END-- [ RunTime:0.004665s ]

[ 2017-04-13T14:27:41+08:00 ] ::1 /wechatMall/index.php/Home/Shopcart/minus.html
INFO: [ app_init ] --START--
INFO: Run Behavior\BuildLiteBehavior [ RunTime:0.000391s ]
INFO: [ app_init ] --END-- [ RunTime:0.003542s ]
INFO: [ app_begin ] --START--
INFO: Run Behavior\ReadHtmlCacheBehavior [ RunTime:0.003310s ]
INFO: [ app_begin ] --END-- [ RunTime:0.005782s ]
SQL: SHOW COLUMNS FROM `item` [ RunTime:0.0092s ]
SQL: SELECT `id`,`name`,`price` FROM `item` WHERE `id` = 7 LIMIT 1   [ RunTime:0.0011s ]
INFO: [ app_end ] --START--
INFO: Run Behavior\ShowPageTraceBehavior [ RunTime:0.004182s ]
INFO: [ app_end ] --END-- [ RunTime:0.006882s ]

[ 2017-04-13T14:27:44+08:00 ] ::1 /wechatMall/index.php/Home/Person/person.html
INFO: [ app_init ] --START--
INFO: Run Behavior\BuildLiteBehavior [ RunTime:0.000603s ]
INFO: [ app_init ] --END-- [ RunTime:0.004799s ]
INFO: [ app_begin ] --START--
INFO: Run Behavior\ReadHtmlCacheBehavior [ RunTime:0.003660s ]
INFO: [ app_begin ] --END-- [ RunTime:0.006978s ]
INFO: [ view_parse ] --START--
INFO: [ template_filter ] --START--
INFO: Run Behavior\ContentReplaceBehavior [ RunTime:0.001538s ]
INFO: [ template_filter ] --END-- [ RunTime:0.004972s ]
INFO: Run Behavior\ParseTemplateBehavior [ RunTime:0.209491s ]
INFO: [ view_parse ] --END-- [ RunTime:0.213361s ]
INFO: [ view_filter ] --START--
INFO: Run Behavior\WriteHtmlCacheBehavior [ RunTime:0.004014s ]
INFO: [ view_filter ] --END-- [ RunTime:0.007437s ]
INFO: [ app_end ] --START--
INFO: Run Behavior\ShowPageTraceBehavior [ RunTime:0.004601s ]
INFO: [ app_end ] --END-- [ RunTime:0.007830s ]

[ 2017-04-13T14:27:51+08:00 ] ::1 /wechatMall/index.php/Home/Person/person.html
INFO: [ app_init ] --START--
INFO: Run Behavior\BuildLiteBehavior [ RunTime:0.000610s ]
INFO: [ app_init ] --END-- [ RunTime:0.005476s ]
INFO: [ app_begin ] --START--
INFO: Run Behavior\ReadHtmlCacheBehavior [ RunTime:0.004499s ]
INFO: [ app_begin ] --END-- [ RunTime:0.006750s ]
INFO: [ view_parse ] --START--
INFO: [ template_filter ] --START--
INFO: Run Behavior\ContentReplaceBehavior [ RunTime:0.002117s ]
INFO: [ template_filter ] --END-- [ RunTime:0.004644s ]
INFO: Run Behavior\ParseTemplateBehavior [ RunTime:0.083455s ]
INFO: [ view_parse ] --END-- [ RunTime:0.086248s ]
INFO: [ view_filter ] --START--
INFO: Run Behavior\WriteHtmlCacheBehavior [ RunTime:0.004298s ]
INFO: [ view_filter ] --END-- [ RunTime:0.007065s ]
INFO: [ app_end ] --START--
INFO: Run Behavior\ShowPageTraceBehavior [ RunTime:0.005402s ]
INFO: [ app_end ] --END-- [ RunTime:0.009481s ]

[ 2017-04-13T14:27:54+08:00 ] ::1 /wechatMall/index.php/Home/Address/address.html
INFO: [ app_init ] --START--
INFO: Run Behavior\BuildLiteBehavior [ RunTime:0.000659s ]
INFO: [ app_init ] --END-- [ RunTime:0.005593s ]
INFO: [ app_begin ] --START--
INFO: Run Behavior\ReadHtmlCacheBehavior [ RunTime:0.004767s ]
INFO: [ app_begin ] --END-- [ RunTime:0.008286s ]
SQL: SHOW COLUMNS FROM `user` [ RunTime:0.0432s ]
SQL: SELECT * FROM `user`  [ RunTime:0.0068s ]
INFO: [ view_parse ] --START--
INFO: [ template_filter ] --START--
INFO: Run Behavior\ContentReplaceBehavior [ RunTime:0.001955s ]
INFO: [ template_filter ] --END-- [ RunTime:0.005882s ]
INFO: Run Behavior\ParseTemplateBehavior [ RunTime:0.231229s ]
INFO: [ view_parse ] --END-- [ RunTime:0.234663s ]
INFO: [ view_filter ] --START--
INFO: Run Behavior\WriteHtmlCacheBehavior [ RunTime:0.004039s ]
INFO: [ view_filter ] --END-- [ RunTime:0.007910s ]
INFO: [ app_end ] --START--
INFO: Run Behavior\ShowPageTraceBehavior [ RunTime:0.004971s ]
INFO: [ app_end ] --END-- [ RunTime:0.010317s ]

[ 2017-04-13T14:28:01+08:00 ] ::1 /wechatMall/index.php/Home/Index/index.html
INFO: [ app_init ] --START--
INFO: Run Behavior\BuildLiteBehavior [ RunTime:0.000400s ]
INFO: [ app_init ] --END-- [ RunTime:0.003775s ]
INFO: [ app_begin ] --START--
INFO: Run Behavior\ReadHtmlCacheBehavior [ RunTime:0.004046s ]
INFO: [ app_begin ] --END-- [ RunTime:0.007172s ]
SQL: SHOW COLUMNS FROM `weixin_ad` [ RunTime:0.0088s ]
SQL: SELECT `url`,`ad_img`,`desc1`,`desc2` FROM `weixin_ad`  [ RunTime:0.0014s ]
SQL: SHOW COLUMNS FROM `item` [ RunTime:0.0194s ]
SQL: SELECT * FROM `item` WHERE ( hot=1 and status =1 )  [ RunTime:0.0014s ]
INFO: [ view_parse ] --START--
INFO: [ template_filter ] --START--
INFO: Run Behavior\ContentReplaceBehavior [ RunTime:0.001393s ]
INFO: [ template_filter ] --END-- [ RunTime:0.003618s ]
INFO: Run Behavior\ParseTemplateBehavior [ RunTime:0.184008s ]
INFO: [ view_parse ] --END-- [ RunTime:0.188263s ]
INFO: [ view_filter ] --START--
INFO: Run Behavior\WriteHtmlCacheBehavior [ RunTime:0.003826s ]
INFO: [ view_filter ] --END-- [ RunTime:0.006239s ]

[ 2017-04-13T14:28:11+08:00 ] ::1 /wechatMall/index.php/Home/Detail/detail/id/3.html
INFO: [ app_init ] --START--
INFO: Run Behavior\BuildLiteBehavior [ RunTime:0.000619s ]
INFO: [ app_init ] --END-- [ RunTime:0.005531s ]
INFO: [ app_begin ] --START--
INFO: Run Behavior\ReadHtmlCacheBehavior [ RunTime:0.006438s ]
INFO: [ app_begin ] --END-- [ RunTime:0.009967s ]
SQL: SHOW COLUMNS FROM `item` [ RunTime:0.0090s ]
SQL: SELECT `id`,`name`,`img`,`price`,`brief` FROM `item` WHERE `id` = 3 LIMIT 1   [ RunTime:0.0014s ]
SQL: SHOW COLUMNS FROM `item_img` [ RunTime:0.0174s ]
SQL: SELECT `url` FROM `item_img` WHERE `item_id` = 3  [ RunTime:0.0154s ]
INFO: [ view_parse ] --START--
INFO: [ template_filter ] --START--
INFO: Run Behavior\ContentReplaceBehavior [ RunTime:0.002650s ]
INFO: [ template_filter ] --END-- [ RunTime:0.005579s ]
NOTIC: [8] Undefined variable: aa F:\BaiduYunDownload\PHP\wampserver\wamp\www\wechatMall\Application\Runtime\Cache\Home\8353e525594791380f28a6bb7ab039bd.php 第 12 行.
INFO: Run Behavior\ParseTemplateBehavior [ RunTime:0.137491s ]
INFO: [ view_parse ] --END-- [ RunTime:0.140793s ]
INFO: [ view_filter ] --START--
INFO: Run Behavior\WriteHtmlCacheBehavior [ RunTime:0.003021s ]
INFO: [ view_filter ] --END-- [ RunTime:0.005685s ]
INFO: [ app_end ] --START--
INFO: Run Behavior\ShowPageTraceBehavior [ RunTime:0.003381s ]
INFO: [ app_end ] --END-- [ RunTime:0.005644s ]

[ 2017-04-13T15:57:21+08:00 ] ::1 /wechatMall/
INFO: [ app_init ] --START--
INFO: Run Behavior\BuildLiteBehavior [ RunTime:0.000401s ]
INFO: [ app_init ] --END-- [ RunTime:0.004321s ]
INFO: [ app_begin ] --START--
INFO: Run Behavior\ReadHtmlCacheBehavior [ RunTime:0.004175s ]
INFO: [ app_begin ] --END-- [ RunTime:0.006559s ]
SQL: SHOW COLUMNS FROM `weixin_ad` [ RunTime:0.0087s ]
SQL: SELECT `url`,`ad_img`,`desc1`,`desc2` FROM `weixin_ad`  [ RunTime:0.0014s ]
SQL: SHOW COLUMNS FROM `item` [ RunTime:0.0096s ]
SQL: SELECT * FROM `item` WHERE ( hot=1 and status =1 )  [ RunTime:0.0013s ]
INFO: [ view_parse ] --START--
INFO: [ template_filter ] --START--
INFO: Run Behavior\ContentReplaceBehavior [ RunTime:0.001241s ]
INFO: [ template_filter ] --END-- [ RunTime:0.003457s ]
INFO: Run Behavior\ParseTemplateBehavior [ RunTime:0.198180s ]
INFO: [ view_parse ] --END-- [ RunTime:0.200679s ]
INFO: [ view_filter ] --START--
INFO: Run Behavior\WriteHtmlCacheBehavior [ RunTime:0.003921s ]
INFO: [ view_filter ] --END-- [ RunTime:0.007464s ]

