[ 2017-04-18T10:11:10+08:00 ] 127.0.0.1 /thinkphp/
INFO: [ app_init ] --START--
INFO: Run Behavior\BuildLiteBehavior [ RunTime:0.000394s ]
INFO: [ app_init ] --END-- [ RunTime:0.078622s ]
INFO: [ app_begin ] --START--
INFO: Run Behavior\ReadHtmlCacheBehavior [ RunTime:0.003638s ]
INFO: [ app_begin ] --END-- [ RunTime:0.006136s ]
SQL: SHOW COLUMNS FROM `admin` [ RunTime:0.1368s ]
SQL: SELECT * FROM `admin` WHERE `adminname` = '' AND `password` = '' LIMIT 1   [ RunTime:0.0466s ]
INFO: [ view_parse ] --START--
INFO: [ template_filter ] --START--
INFO: Run Behavior\ContentReplaceBehavior [ RunTime:0.001677s ]
INFO: [ template_filter ] --END-- [ RunTime:0.003826s ]
INFO: Run Behavior\ParseTemplateBehavior [ RunTime:0.093462s ]
INFO: [ view_parse ] --END-- [ RunTime:0.095651s ]
INFO: [ view_filter ] --START--
INFO: Run Behavior\WriteHtmlCacheBehavior [ RunTime:0.002954s ]
INFO: [ view_filter ] --END-- [ RunTime:0.005093s ]
INFO: [ app_end ] --START--
INFO: Run Behavior\ShowPageTraceBehavior [ RunTime:0.003391s ]
INFO: [ app_end ] --END-- [ RunTime:0.005593s ]

[ 2017-04-18T18:21:02+08:00 ] ::1 /thinkphp/index.php
INFO: [ app_init ] --START--
INFO: Run Behavior\BuildLiteBehavior [ RunTime:0.000738s ]
INFO: [ app_init ] --END-- [ RunTime:0.026232s ]
INFO: [ app_begin ] --START--
INFO: Run Behavior\ReadHtmlCacheBehavior [ RunTime:0.005169s ]
INFO: [ app_begin ] --END-- [ RunTime:0.008743s ]
SQL: SHOW COLUMNS FROM `admin` [ RunTime:0.0416s ]
SQL: SELECT * FROM `admin` WHERE `adminname` = '' AND `password` = '' LIMIT 1   [ RunTime:0.0126s ]
INFO: [ view_parse ] --START--
INFO: [ template_filter ] --START--
INFO: Run Behavior\ContentReplaceBehavior [ RunTime:0.003287s ]
INFO: [ template_filter ] --END-- [ RunTime:0.008057s ]
INFO: Run Behavior\ParseTemplateBehavior [ RunTime:0.115342s ]
INFO: [ view_parse ] --END-- [ RunTime:0.119069s ]
INFO: [ view_filter ] --START--
INFO: Run Behavior\WriteHtmlCacheBehavior [ RunTime:0.032338s ]
INFO: [ view_filter ] --END-- [ RunTime:0.036503s ]
INFO: [ app_end ] --START--
INFO: Run Behavior\ShowPageTraceBehavior [ RunTime:0.031643s ]
INFO: [ app_end ] --END-- [ RunTime:0.036466s ]

[ 2017-04-18T18:21:06+08:00 ] ::1 /thinkphp/index.php/Home/Index/index.html
INFO: [ app_init ] --START--
INFO: Run Behavior\BuildLiteBehavior [ RunTime:0.000342s ]
INFO: [ app_init ] --END-- [ RunTime:0.002819s ]
INFO: [ app_begin ] --START--
INFO: Run Behavior\ReadHtmlCacheBehavior [ RunTime:0.001934s ]
INFO: [ app_begin ] --END-- [ RunTime:0.003513s ]
SQL: SHOW COLUMNS FROM `admin` [ RunTime:0.0061s ]
SQL: SELECT * FROM `admin` WHERE `adminname` = 'admin' AND `password` = '123456' LIMIT 1   [ RunTime:0.0009s ]

[ 2017-04-18T18:21:06+08:00 ] ::1 /thinkphp/index.php
INFO: [ app_init ] --START--
INFO: Run Behavior\BuildLiteBehavior [ RunTime:0.000447s ]
INFO: [ app_init ] --END-- [ RunTime:0.004413s ]
INFO: [ app_begin ] --START--
INFO: Run Behavior\ReadHtmlCacheBehavior [ RunTime:0.003248s ]
INFO: [ app_begin ] --END-- [ RunTime:0.005531s ]
SQL: SHOW COLUMNS FROM `admin` [ RunTime:0.0083s ]
SQL: SELECT * FROM `admin` WHERE `adminname` = 'admin' AND `password` = '123456' LIMIT 1   [ RunTime:0.0010s ]

[ 2017-04-18T18:21:06+08:00 ] ::1 /thinkphp/index.php/Home/Page/welcome.html
INFO: [ app_init ] --START--
INFO: Run Behavior\BuildLiteBehavior [ RunTime:0.000353s ]
INFO: [ app_init ] --END-- [ RunTime:0.003681s ]
INFO: [ app_begin ] --START--
INFO: Run Behavior\ReadHtmlCacheBehavior [ RunTime:0.002801s ]
INFO: [ app_begin ] --END-- [ RunTime:0.005228s ]
INFO: [ view_parse ] --START--
INFO: [ template_filter ] --START--
INFO: Run Behavior\ContentReplaceBehavior [ RunTime:0.001711s ]
INFO: [ template_filter ] --END-- [ RunTime:0.004161s ]
INFO: Run Behavior\ParseTemplateBehavior [ RunTime:0.134472s ]
INFO: [ view_parse ] --END-- [ RunTime:0.136852s ]
INFO: [ view_filter ] --START--
INFO: Run Behavior\WriteHtmlCacheBehavior [ RunTime:0.004233s ]
INFO: [ view_filter ] --END-- [ RunTime:0.008007s ]
INFO: [ app_end ] --START--
INFO: Run Behavior\ShowPageTraceBehavior [ RunTime:0.007588s ]
INFO: [ app_end ] --END-- [ RunTime:0.009364s ]

[ 2017-04-18T18:21:07+08:00 ] ::1 /thinkphp/index.php/Home/Page/welcome.html
INFO: [ app_init ] --START--
INFO: Run Behavior\BuildLiteBehavior [ RunTime:0.000499s ]
INFO: [ app_init ] --END-- [ RunTime:0.003986s ]
INFO: [ app_begin ] --START--
INFO: Run Behavior\ReadHtmlCacheBehavior [ RunTime:0.002369s ]
INFO: [ app_begin ] --END-- [ RunTime:0.004829s ]
INFO: [ view_parse ] --START--
INFO: [ template_filter ] --START--
INFO: Run Behavior\ContentReplaceBehavior [ RunTime:0.001909s ]
INFO: [ template_filter ] --END-- [ RunTime:0.005405s ]
INFO: Run Behavior\ParseTemplateBehavior [ RunTime:0.097423s ]
INFO: [ view_parse ] --END-- [ RunTime:0.100426s ]
INFO: [ view_filter ] --START--
INFO: Run Behavior\WriteHtmlCacheBehavior [ RunTime:0.003215s ]
INFO: [ view_filter ] --END-- [ RunTime:0.006336s ]
INFO: [ app_end ] --START--
INFO: Run Behavior\ShowPageTraceBehavior [ RunTime:0.005614s ]
INFO: [ app_end ] --END-- [ RunTime:0.009233s ]

[ 2017-04-18T18:22:09+08:00 ] ::1 /thinkphp/index.php/Home/Page/adPage.html
INFO: [ app_init ] --START--
INFO: Run Behavior\BuildLiteBehavior [ RunTime:0.000401s ]
INFO: [ app_init ] --END-- [ RunTime:0.003918s ]
INFO: [ app_begin ] --START--
INFO: Run Behavior\ReadHtmlCacheBehavior [ RunTime:0.003494s ]
INFO: [ app_begin ] --END-- [ RunTime:0.005749s ]
INFO: [ view_parse ] --START--
INFO: [ template_filter ] --START--
INFO: Run Behavior\ContentReplaceBehavior [ RunTime:0.001352s ]
INFO: [ template_filter ] --END-- [ RunTime:0.003584s ]
INFO: Run Behavior\ParseTemplateBehavior [ RunTime:0.150907s ]
INFO: [ view_parse ] --END-- [ RunTime:0.155075s ]
INFO: [ view_filter ] --START--
INFO: Run Behavior\WriteHtmlCacheBehavior [ RunTime:0.006102s ]
INFO: [ view_filter ] --END-- [ RunTime:0.009392s ]
INFO: [ app_end ] --START--
INFO: Run Behavior\ShowPageTraceBehavior [ RunTime:0.006521s ]
INFO: [ app_end ] --END-- [ RunTime:0.010144s ]

[ 2017-04-18T18:22:14+08:00 ] ::1 /thinkphp/index.php/Home/Page/
INFO: [ app_init ] --START--
INFO: Run Behavior\BuildLiteBehavior [ RunTime:0.000397s ]
INFO: [ app_init ] --END-- [ RunTime:0.003539s ]
INFO: [ app_begin ] --START--
INFO: Run Behavior\ReadHtmlCacheBehavior [ RunTime:0.002915s ]
INFO: [ app_begin ] --END-- [ RunTime:0.005059s ]
ERR: 非法操作:index

[ 2017-04-18T18:22:55+08:00 ] ::1 /thinkphp/index.php/Home/Page/goodsPage.html
INFO: [ app_init ] --START--
INFO: Run Behavior\BuildLiteBehavior [ RunTime:0.000706s ]
INFO: [ app_init ] --END-- [ RunTime:0.006488s ]
INFO: [ app_begin ] --START--
INFO: Run Behavior\ReadHtmlCacheBehavior [ RunTime:0.004387s ]
INFO: [ app_begin ] --END-- [ RunTime:0.007880s ]
INFO: [ view_parse ] --START--
INFO: [ template_filter ] --START--
INFO: Run Behavior\ContentReplaceBehavior [ RunTime:0.001955s ]
INFO: [ template_filter ] --END-- [ RunTime:0.004260s ]
INFO: Run Behavior\ParseTemplateBehavior [ RunTime:0.198048s ]
INFO: [ view_parse ] --END-- [ RunTime:0.200759s ]
INFO: [ view_filter ] --START--
INFO: Run Behavior\WriteHtmlCacheBehavior [ RunTime:0.002848s ]
INFO: [ view_filter ] --END-- [ RunTime:0.005361s ]
INFO: [ app_end ] --START--
INFO: Run Behavior\ShowPageTraceBehavior [ RunTime:0.003513s ]
INFO: [ app_end ] --END-- [ RunTime:0.005716s ]

[ 2017-04-18T18:22:56+08:00 ] ::1 /thinkphp/index.php/Home/Page/
INFO: [ app_init ] --START--
INFO: Run Behavior\BuildLiteBehavior [ RunTime:0.000564s ]
INFO: [ app_init ] --END-- [ RunTime:0.005498s ]
INFO: [ app_begin ] --START--
INFO: Run Behavior\ReadHtmlCacheBehavior [ RunTime:0.004851s ]
INFO: [ app_begin ] --END-- [ RunTime:0.008100s ]
ERR: 非法操作:index

[ 2017-04-18T18:30:13+08:00 ] ::1 /thinkphp/index.php/Home/Page/destory.html
INFO: [ app_init ] --START--
INFO: Run Behavior\BuildLiteBehavior [ RunTime:0.000684s ]
INFO: [ app_init ] --END-- [ RunTime:0.005508s ]
INFO: [ app_begin ] --START--
INFO: Run Behavior\ReadHtmlCacheBehavior [ RunTime:0.004907s ]
INFO: [ app_begin ] --END-- [ RunTime:0.007905s ]

[ 2017-04-18T18:30:14+08:00 ] ::1 /thinkphp/index.php/Home/Page/destory.html
INFO: [ app_init ] --START--
INFO: Run Behavior\BuildLiteBehavior [ RunTime:0.000770s ]
INFO: [ app_init ] --END-- [ RunTime:0.005947s ]
INFO: [ app_begin ] --START--
INFO: Run Behavior\ReadHtmlCacheBehavior [ RunTime:0.002842s ]
INFO: [ app_begin ] --END-- [ RunTime:0.005353s ]

[ 2017-04-18T18:30:17+08:00 ] ::1 /thinkphp/
INFO: [ app_init ] --START--
INFO: Run Behavior\BuildLiteBehavior [ RunTime:0.000677s ]
INFO: [ app_init ] --END-- [ RunTime:0.006391s ]
INFO: [ app_begin ] --START--
INFO: Run Behavior\ReadHtmlCacheBehavior [ RunTime:0.003847s ]
INFO: [ app_begin ] --END-- [ RunTime:0.007160s ]
SQL: SHOW COLUMNS FROM `admin` [ RunTime:0.0108s ]
SQL: SELECT * FROM `admin` WHERE `adminname` = '' AND `password` = '' LIMIT 1   [ RunTime:0.0014s ]
INFO: [ view_parse ] --START--
INFO: [ template_filter ] --START--
INFO: Run Behavior\ContentReplaceBehavior [ RunTime:0.002330s ]
INFO: [ template_filter ] --END-- [ RunTime:0.007511s ]
INFO: Run Behavior\ParseTemplateBehavior [ RunTime:0.082684s ]
INFO: [ view_parse ] --END-- [ RunTime:0.086465s ]
INFO: [ view_filter ] --START--
INFO: Run Behavior\WriteHtmlCacheBehavior [ RunTime:0.013341s ]
INFO: [ view_filter ] --END-- [ RunTime:0.017899s ]
INFO: [ app_end ] --START--
INFO: Run Behavior\ShowPageTraceBehavior [ RunTime:0.005033s ]
INFO: [ app_end ] --END-- [ RunTime:0.008862s ]

[ 2017-04-18T18:31:16+08:00 ] ::1 /thinkphp/index.php/Home/Index/index.html
INFO: [ app_init ] --START--
INFO: Run Behavior\BuildLiteBehavior [ RunTime:0.000573s ]
INFO: [ app_init ] --END-- [ RunTime:0.020961s ]
INFO: [ app_begin ] --START--
INFO: Run Behavior\ReadHtmlCacheBehavior [ RunTime:0.003848s ]
INFO: [ app_begin ] --END-- [ RunTime:0.010148s ]
SQL: SHOW COLUMNS FROM `admin` [ RunTime:0.0232s ]
SQL: SELECT * FROM `admin` WHERE `adminname` = 'admin' AND `password` = '123456' LIMIT 1   [ RunTime:0.0016s ]

[ 2017-04-18T18:31:16+08:00 ] ::1 /thinkphp/
INFO: [ app_init ] --START--
INFO: Run Behavior\BuildLiteBehavior [ RunTime:0.000725s ]
INFO: [ app_init ] --END-- [ RunTime:0.005929s ]
INFO: [ app_begin ] --START--
INFO: Run Behavior\ReadHtmlCacheBehavior [ RunTime:0.004470s ]
INFO: [ app_begin ] --END-- [ RunTime:0.008131s ]
SQL: SHOW COLUMNS FROM `admin` [ RunTime:0.0223s ]
SQL: SELECT * FROM `admin` WHERE `adminname` = 'admin' AND `password` = '123456' LIMIT 1   [ RunTime:0.0015s ]

[ 2017-04-18T18:31:16+08:00 ] ::1 /thinkphp/index.php/Home/Page/welcome.html
INFO: [ app_init ] --START--
INFO: Run Behavior\BuildLiteBehavior [ RunTime:0.000779s ]
INFO: [ app_init ] --END-- [ RunTime:0.009802s ]
INFO: [ app_begin ] --START--
INFO: Run Behavior\ReadHtmlCacheBehavior [ RunTime:0.004444s ]
INFO: [ app_begin ] --END-- [ RunTime:0.007551s ]
INFO: [ view_parse ] --START--
INFO: [ template_filter ] --START--
INFO: Run Behavior\ContentReplaceBehavior [ RunTime:0.002164s ]
INFO: [ template_filter ] --END-- [ RunTime:0.005124s ]
INFO: Run Behavior\ParseTemplateBehavior [ RunTime:0.094228s ]
INFO: [ view_parse ] --END-- [ RunTime:0.096406s ]
INFO: [ view_filter ] --START--
INFO: Run Behavior\WriteHtmlCacheBehavior [ RunTime:0.004746s ]
INFO: [ view_filter ] --END-- [ RunTime:0.008044s ]
INFO: [ app_end ] --START--
INFO: Run Behavior\ShowPageTraceBehavior [ RunTime:0.002771s ]
INFO: [ app_end ] --END-- [ RunTime:0.004812s ]

[ 2017-04-18T18:31:17+08:00 ] ::1 /thinkphp/index.php/Home/Page/welcome.html
INFO: [ app_init ] --START--
INFO: Run Behavior\BuildLiteBehavior [ RunTime:0.000732s ]
INFO: [ app_init ] --END-- [ RunTime:0.005078s ]
INFO: [ app_begin ] --START--
INFO: Run Behavior\ReadHtmlCacheBehavior [ RunTime:0.003625s ]
INFO: [ app_begin ] --END-- [ RunTime:0.007444s ]
INFO: [ view_parse ] --START--
INFO: [ template_filter ] --START--
INFO: Run Behavior\ContentReplaceBehavior [ RunTime:0.001430s ]
INFO: [ template_filter ] --END-- [ RunTime:0.004631s ]
INFO: Run Behavior\ParseTemplateBehavior [ RunTime:0.080949s ]
INFO: [ view_parse ] --END-- [ RunTime:0.084575s ]
INFO: [ view_filter ] --START--
INFO: Run Behavior\WriteHtmlCacheBehavior [ RunTime:0.002880s ]
INFO: [ view_filter ] --END-- [ RunTime:0.005433s ]
INFO: [ app_end ] --START--
INFO: Run Behavior\ShowPageTraceBehavior [ RunTime:0.003461s ]
INFO: [ app_end ] --END-- [ RunTime:0.005740s ]

[ 2017-04-18T18:32:08+08:00 ] ::1 /thinkphp/index.php/Home/Page/adPage.html
INFO: [ app_init ] --START--
INFO: Run Behavior\BuildLiteBehavior [ RunTime:0.000653s ]
INFO: [ app_init ] --END-- [ RunTime:0.005775s ]
INFO: [ app_begin ] --START--
INFO: Run Behavior\ReadHtmlCacheBehavior [ RunTime:0.004898s ]
INFO: [ app_begin ] --END-- [ RunTime:0.008670s ]
INFO: [ view_parse ] --START--
INFO: [ template_filter ] --START--
INFO: Run Behavior\ContentReplaceBehavior [ RunTime:0.002400s ]
INFO: [ template_filter ] --END-- [ RunTime:0.007729s ]
INFO: Run Behavior\ParseTemplateBehavior [ RunTime:0.166171s ]
INFO: [ view_parse ] --END-- [ RunTime:0.169446s ]
INFO: [ view_filter ] --START--
INFO: Run Behavior\WriteHtmlCacheBehavior [ RunTime:0.004463s ]
INFO: [ view_filter ] --END-- [ RunTime:0.007790s ]
INFO: [ app_end ] --START--
INFO: Run Behavior\ShowPageTraceBehavior [ RunTime:0.004461s ]
INFO: [ app_end ] --END-- [ RunTime:0.015460s ]

[ 2017-04-18T18:32:10+08:00 ] ::1 /thinkphp/index.php/Home/Page/
INFO: [ app_init ] --START--
INFO: Run Behavior\BuildLiteBehavior [ RunTime:0.000595s ]
INFO: [ app_init ] --END-- [ RunTime:0.005058s ]
INFO: [ app_begin ] --START--
INFO: Run Behavior\ReadHtmlCacheBehavior [ RunTime:0.003380s ]
INFO: [ app_begin ] --END-- [ RunTime:0.006352s ]
ERR: 非法操作:index

[ 2017-04-18T18:33:15+08:00 ] ::1 /thinkphp/index.php/Home/Page/goodsPage.html
INFO: [ app_init ] --START--
INFO: Run Behavior\BuildLiteBehavior [ RunTime:0.000436s ]
INFO: [ app_init ] --END-- [ RunTime:0.004054s ]
INFO: [ app_begin ] --START--
INFO: Run Behavior\ReadHtmlCacheBehavior [ RunTime:0.002990s ]
INFO: [ app_begin ] --END-- [ RunTime:0.005787s ]
INFO: [ view_parse ] --START--
INFO: [ template_filter ] --START--
INFO: Run Behavior\ContentReplaceBehavior [ RunTime:0.001861s ]
INFO: [ template_filter ] --END-- [ RunTime:0.005048s ]
INFO: Run Behavior\ParseTemplateBehavior [ RunTime:0.120517s ]
INFO: [ view_parse ] --END-- [ RunTime:0.124904s ]
INFO: [ view_filter ] --START--
INFO: Run Behavior\WriteHtmlCacheBehavior [ RunTime:0.003268s ]
INFO: [ view_filter ] --END-- [ RunTime:0.006827s ]
INFO: [ app_end ] --START--
INFO: Run Behavior\ShowPageTraceBehavior [ RunTime:0.005199s ]
INFO: [ app_end ] --END-- [ RunTime:0.008930s ]

[ 2017-04-18T18:33:17+08:00 ] ::1 /thinkphp/index.php/Home/Page/
INFO: [ app_init ] --START--
INFO: Run Behavior\BuildLiteBehavior [ RunTime:0.000548s ]
INFO: [ app_init ] --END-- [ RunTime:0.005768s ]
INFO: [ app_begin ] --START--
INFO: Run Behavior\ReadHtmlCacheBehavior [ RunTime:0.003889s ]
INFO: [ app_begin ] --END-- [ RunTime:0.006831s ]
ERR: 非法操作:index

