[ 2017-04-24T11:51:46+08:00 ] ::1 /thinkphp/index.php
INFO: [ app_init ] --START--
INFO: Run Behavior\BuildLiteBehavior [ RunTime:0.000405s ]
INFO: [ app_init ] --END-- [ RunTime:0.004501s ]
INFO: [ app_begin ] --START--
INFO: Run Behavior\ReadHtmlCacheBehavior [ RunTime:0.005666s ]
INFO: [ app_begin ] --END-- [ RunTime:0.007922s ]
SQL: SHOW COLUMNS FROM `admin` [ RunTime:0.0593s ]
SQL: SELECT * FROM `admin` WHERE `adminname` = '' AND `password` = '' LIMIT 1   [ RunTime:0.0109s ]
INFO: [ view_parse ] --START--
INFO: [ template_filter ] --START--
INFO: Run Behavior\ContentReplaceBehavior [ RunTime:0.001426s ]
INFO: [ template_filter ] --END-- [ RunTime:0.003841s ]
INFO: Run Behavior\ParseTemplateBehavior [ RunTime:0.310247s ]
INFO: [ view_parse ] --END-- [ RunTime:0.312888s ]
INFO: [ view_filter ] --START--
INFO: Run Behavior\WriteHtmlCacheBehavior [ RunTime:0.110792s ]
INFO: [ view_filter ] --END-- [ RunTime:0.112994s ]
INFO: [ app_end ] --START--
INFO: Run Behavior\ShowPageTraceBehavior [ RunTime:0.051507s ]
INFO: [ app_end ] --END-- [ RunTime:0.054179s ]

[ 2017-04-24T13:36:32+08:00 ] ::1 /thinkphp/index.php
INFO: [ app_init ] --START--
INFO: Run Behavior\BuildLiteBehavior [ RunTime:0.000967s ]
INFO: [ app_init ] --END-- [ RunTime:0.006662s ]
INFO: [ app_begin ] --START--
INFO: Run Behavior\ReadHtmlCacheBehavior [ RunTime:0.004267s ]
INFO: [ app_begin ] --END-- [ RunTime:0.007264s ]
SQL: SHOW COLUMNS FROM `admin` [ RunTime:0.0090s ]
SQL: SELECT * FROM `admin` WHERE `adminname` = '' AND `password` = '' LIMIT 1   [ RunTime:0.0015s ]
INFO: [ view_parse ] --START--
INFO: [ template_filter ] --START--
INFO: Run Behavior\ContentReplaceBehavior [ RunTime:0.001306s ]
INFO: [ template_filter ] --END-- [ RunTime:0.003490s ]
INFO: Run Behavior\ParseTemplateBehavior [ RunTime:0.064251s ]
INFO: [ view_parse ] --END-- [ RunTime:0.067404s ]
INFO: [ view_filter ] --START--
INFO: Run Behavior\WriteHtmlCacheBehavior [ RunTime:0.002667s ]
INFO: [ view_filter ] --END-- [ RunTime:0.006525s ]
INFO: [ app_end ] --START--
INFO: Run Behavior\ShowPageTraceBehavior [ RunTime:0.003290s ]
INFO: [ app_end ] --END-- [ RunTime:0.005620s ]

[ 2017-04-24T13:36:51+08:00 ] ::1 /thinkphp/index.php
INFO: [ app_init ] --START--
INFO: Run Behavior\BuildLiteBehavior [ RunTime:0.000439s ]
INFO: [ app_init ] --END-- [ RunTime:0.004775s ]
INFO: [ app_begin ] --START--
INFO: Run Behavior\ReadHtmlCacheBehavior [ RunTime:0.005041s ]
INFO: [ app_begin ] --END-- [ RunTime:0.008991s ]
SQL: SHOW COLUMNS FROM `admin` [ RunTime:0.0083s ]
SQL: SELECT * FROM `admin` WHERE `adminname` = '' AND `password` = '' LIMIT 1   [ RunTime:0.0012s ]
INFO: [ view_parse ] --START--
INFO: [ template_filter ] --START--
INFO: Run Behavior\ContentReplaceBehavior [ RunTime:0.001613s ]
INFO: [ template_filter ] --END-- [ RunTime:0.004386s ]
INFO: Run Behavior\ParseTemplateBehavior [ RunTime:0.046859s ]
INFO: [ view_parse ] --END-- [ RunTime:0.049199s ]
INFO: [ view_filter ] --START--
INFO: Run Behavior\WriteHtmlCacheBehavior [ RunTime:0.002770s ]
INFO: [ view_filter ] --END-- [ RunTime:0.005571s ]
INFO: [ app_end ] --START--
INFO: Run Behavior\ShowPageTraceBehavior [ RunTime:0.003461s ]
INFO: [ app_end ] --END-- [ RunTime:0.005966s ]

[ 2017-04-24T13:46:46+08:00 ] ::1 /thinkphp/index.php
INFO: [ app_init ] --START--
INFO: Run Behavior\BuildLiteBehavior [ RunTime:0.000655s ]
INFO: [ app_init ] --END-- [ RunTime:0.005425s ]
INFO: [ app_begin ] --START--
INFO: Run Behavior\ReadHtmlCacheBehavior [ RunTime:0.004328s ]
INFO: [ app_begin ] --END-- [ RunTime:0.008015s ]
SQL: SHOW COLUMNS FROM `admin` [ RunTime:0.0839s ]
SQL: SELECT * FROM `admin` WHERE `adminname` = 'admin' AND `password` = '123456' LIMIT 1   [ RunTime:0.0581s ]

[ 2017-04-24T13:46:46+08:00 ] ::1 /thinkphp/index.php/Home/Index/index.html
INFO: [ app_init ] --START--
INFO: Run Behavior\BuildLiteBehavior [ RunTime:0.000440s ]
INFO: [ app_init ] --END-- [ RunTime:0.003878s ]
INFO: [ app_begin ] --START--
INFO: Run Behavior\ReadHtmlCacheBehavior [ RunTime:0.003089s ]
INFO: [ app_begin ] --END-- [ RunTime:0.005224s ]
SQL: SHOW COLUMNS FROM `admin` [ RunTime:0.0088s ]
SQL: SELECT * FROM `admin` WHERE `adminname` = 'admin' AND `password` = '123456' LIMIT 1   [ RunTime:0.0013s ]

[ 2017-04-24T13:46:47+08:00 ] ::1 /thinkphp/index.php/Home/Page/welcome.html
INFO: [ app_init ] --START--
INFO: Run Behavior\BuildLiteBehavior [ RunTime:0.000426s ]
INFO: [ app_init ] --END-- [ RunTime:0.004680s ]
INFO: [ app_begin ] --START--
INFO: Run Behavior\ReadHtmlCacheBehavior [ RunTime:0.003986s ]
INFO: [ app_begin ] --END-- [ RunTime:0.006480s ]
INFO: [ view_parse ] --START--
INFO: [ template_filter ] --START--
INFO: Run Behavior\ContentReplaceBehavior [ RunTime:0.001512s ]
INFO: [ template_filter ] --END-- [ RunTime:0.004721s ]
INFO: Run Behavior\ParseTemplateBehavior [ RunTime:0.441722s ]
INFO: [ view_parse ] --END-- [ RunTime:0.444625s ]
INFO: [ view_filter ] --START--
INFO: Run Behavior\WriteHtmlCacheBehavior [ RunTime:0.002639s ]
INFO: [ view_filter ] --END-- [ RunTime:0.004840s ]
INFO: [ app_end ] --START--
INFO: Run Behavior\ShowPageTraceBehavior [ RunTime:0.003377s ]
INFO: [ app_end ] --END-- [ RunTime:0.006565s ]

[ 2017-04-24T13:46:47+08:00 ] ::1 /thinkphp/index.php/Home/Page/welcome.html
INFO: [ app_init ] --START--
INFO: Run Behavior\BuildLiteBehavior [ RunTime:0.000628s ]
INFO: [ app_init ] --END-- [ RunTime:0.005394s ]
INFO: [ app_begin ] --START--
INFO: Run Behavior\ReadHtmlCacheBehavior [ RunTime:0.003985s ]
INFO: [ app_begin ] --END-- [ RunTime:0.006171s ]
INFO: [ view_parse ] --START--
INFO: [ template_filter ] --START--
INFO: Run Behavior\ContentReplaceBehavior [ RunTime:0.001991s ]
INFO: [ template_filter ] --END-- [ RunTime:0.004780s ]
INFO: Run Behavior\ParseTemplateBehavior [ RunTime:0.120877s ]
INFO: [ view_parse ] --END-- [ RunTime:0.123781s ]
INFO: [ view_filter ] --START--
INFO: Run Behavior\WriteHtmlCacheBehavior [ RunTime:0.004303s ]
INFO: [ view_filter ] --END-- [ RunTime:0.007691s ]
INFO: [ app_end ] --START--
INFO: Run Behavior\ShowPageTraceBehavior [ RunTime:0.004945s ]
INFO: [ app_end ] --END-- [ RunTime:0.008131s ]

[ 2017-04-24T13:46:52+08:00 ] ::1 /thinkphp/index.php/Home/Page/goodsPage.html
INFO: [ app_init ] --START--
INFO: Run Behavior\BuildLiteBehavior [ RunTime:0.000438s ]
INFO: [ app_init ] --END-- [ RunTime:0.003887s ]
INFO: [ app_begin ] --START--
INFO: Run Behavior\ReadHtmlCacheBehavior [ RunTime:0.003808s ]
INFO: [ app_begin ] --END-- [ RunTime:0.007089s ]
INFO: [ view_parse ] --START--
INFO: [ template_filter ] --START--
INFO: Run Behavior\ContentReplaceBehavior [ RunTime:0.001904s ]
INFO: [ template_filter ] --END-- [ RunTime:0.005395s ]
INFO: Run Behavior\ParseTemplateBehavior [ RunTime:0.160815s ]
INFO: [ view_parse ] --END-- [ RunTime:0.163006s ]
INFO: [ view_filter ] --START--
INFO: Run Behavior\WriteHtmlCacheBehavior [ RunTime:0.004181s ]
INFO: [ view_filter ] --END-- [ RunTime:0.006590s ]
INFO: [ app_end ] --START--
INFO: Run Behavior\ShowPageTraceBehavior [ RunTime:0.004513s ]
INFO: [ app_end ] --END-- [ RunTime:0.007299s ]

[ 2017-04-24T13:46:56+08:00 ] ::1 /thinkphp/index.php/Home/Page/
INFO: [ app_init ] --START--
INFO: Run Behavior\BuildLiteBehavior [ RunTime:0.000396s ]
INFO: [ app_init ] --END-- [ RunTime:0.003477s ]
INFO: [ app_begin ] --START--
INFO: Run Behavior\ReadHtmlCacheBehavior [ RunTime:0.003020s ]
INFO: [ app_begin ] --END-- [ RunTime:0.005232s ]
ERR: 非法操作:index

[ 2017-04-24T13:47:35+08:00 ] ::1 /thinkphp/index.php/Home/Page/goodsUploadify.html
INFO: [ app_init ] --START--
INFO: Run Behavior\BuildLiteBehavior [ RunTime:0.000429s ]
INFO: [ app_init ] --END-- [ RunTime:0.005745s ]
INFO: [ app_begin ] --START--
INFO: Run Behavior\ReadHtmlCacheBehavior [ RunTime:0.004046s ]
INFO: [ app_begin ] --END-- [ RunTime:0.007232s ]
SQL: SHOW COLUMNS FROM `item_img` [ RunTime:0.0106s ]
NOTIC: [2] call_user_func() expects parameter 1 to be a valid callback, no array or string given F:\BaiduYunDownload\PHP\wampserver\wamp\www\thinkphp\ThinkPHP\Library\Think\Upload.class.php 第 170 行.
NOTIC: [8] Undefined index: validate F:\BaiduYunDownload\PHP\wampserver\wamp\www\thinkphp\ThinkPHP\Library\Think\Model.class.php 第 1185 行.
NOTIC: [8] Undefined index: auto F:\BaiduYunDownload\PHP\wampserver\wamp\www\thinkphp\ThinkPHP\Library\Think\Model.class.php 第 1128 行.
SQL: INSERT INTO `item_img` (`url`) VALUES ('20170424_1820858515.jpg') [ RunTime:0.1077s ]
INFO: [ app_end ] --START--
INFO: Run Behavior\ShowPageTraceBehavior [ RunTime:0.007063s ]
INFO: [ app_end ] --END-- [ RunTime:0.009840s ]

[ 2017-04-24T13:49:00+08:00 ] ::1 /thinkphp/index.php/Home/Page/goodsPage.html
INFO: [ app_init ] --START--
INFO: Run Behavior\BuildLiteBehavior [ RunTime:0.000479s ]
INFO: [ app_init ] --END-- [ RunTime:0.004287s ]
INFO: [ app_begin ] --START--
INFO: Run Behavior\ReadHtmlCacheBehavior [ RunTime:0.003187s ]
INFO: [ app_begin ] --END-- [ RunTime:0.005523s ]
SQL: SHOW COLUMNS FROM `item` [ RunTime:0.0299s ]
SQL: INSERT INTO `item` (`name`,`img`,`price`,`status`,`hot`,`type`,`brief`,`alreadybuy`,`city`) VALUES ('中国风双肩包','20170424_1820858515.jpg','243','1','1','2','中国风双肩包，刺绣手法，细致的一针一线，肩带宽度合适','254','广东揭阳') [ RunTime:0.1423s ]

[ 2017-04-24T13:49:01+08:00 ] ::1 /thinkphp/index.php/Home/Page/welcome.html
INFO: [ app_init ] --START--
INFO: Run Behavior\BuildLiteBehavior [ RunTime:0.000404s ]
INFO: [ app_init ] --END-- [ RunTime:0.003674s ]
INFO: [ app_begin ] --START--
INFO: Run Behavior\ReadHtmlCacheBehavior [ RunTime:0.003884s ]
INFO: [ app_begin ] --END-- [ RunTime:0.006185s ]
INFO: [ view_parse ] --START--
INFO: [ template_filter ] --START--
INFO: Run Behavior\ContentReplaceBehavior [ RunTime:0.002417s ]
INFO: [ template_filter ] --END-- [ RunTime:0.004635s ]
INFO: Run Behavior\ParseTemplateBehavior [ RunTime:0.092711s ]
INFO: [ view_parse ] --END-- [ RunTime:0.094941s ]
INFO: [ view_filter ] --START--
INFO: Run Behavior\WriteHtmlCacheBehavior [ RunTime:0.003703s ]
INFO: [ view_filter ] --END-- [ RunTime:0.006919s ]
INFO: [ app_end ] --START--
INFO: Run Behavior\ShowPageTraceBehavior [ RunTime:0.003175s ]
INFO: [ app_end ] --END-- [ RunTime:0.006635s ]

[ 2017-04-24T14:16:53+08:00 ] ::1 /thinkphp/index.php/Home/Page/goodsPage.html
INFO: [ app_init ] --START--
INFO: Run Behavior\BuildLiteBehavior [ RunTime:0.000449s ]
INFO: [ app_init ] --END-- [ RunTime:0.004140s ]
INFO: [ app_begin ] --START--
INFO: Run Behavior\ReadHtmlCacheBehavior [ RunTime:0.004467s ]
INFO: [ app_begin ] --END-- [ RunTime:0.007987s ]
INFO: [ view_parse ] --START--
INFO: [ template_filter ] --START--
INFO: Run Behavior\ContentReplaceBehavior [ RunTime:0.002300s ]
INFO: [ template_filter ] --END-- [ RunTime:0.006184s ]
INFO: Run Behavior\ParseTemplateBehavior [ RunTime:0.118917s ]
INFO: [ view_parse ] --END-- [ RunTime:0.122211s ]
INFO: [ view_filter ] --START--
INFO: Run Behavior\WriteHtmlCacheBehavior [ RunTime:0.005060s ]
INFO: [ view_filter ] --END-- [ RunTime:0.008274s ]
INFO: [ app_end ] --START--
INFO: Run Behavior\ShowPageTraceBehavior [ RunTime:0.004875s ]
INFO: [ app_end ] --END-- [ RunTime:0.009190s ]

[ 2017-04-24T14:16:56+08:00 ] ::1 /thinkphp/index.php/Home/Page/
INFO: [ app_init ] --START--
INFO: Run Behavior\BuildLiteBehavior [ RunTime:0.000669s ]
INFO: [ app_init ] --END-- [ RunTime:0.006608s ]
INFO: [ app_begin ] --START--
INFO: Run Behavior\ReadHtmlCacheBehavior [ RunTime:0.007095s ]
INFO: [ app_begin ] --END-- [ RunTime:0.011807s ]
ERR: 非法操作:index

[ 2017-04-24T14:18:06+08:00 ] ::1 /thinkphp/index.php/Home/Page/goodsUploadify.html
INFO: [ app_init ] --START--
INFO: Run Behavior\BuildLiteBehavior [ RunTime:0.000668s ]
INFO: [ app_init ] --END-- [ RunTime:0.004956s ]
INFO: [ app_begin ] --START--
INFO: Run Behavior\ReadHtmlCacheBehavior [ RunTime:0.004030s ]
INFO: [ app_begin ] --END-- [ RunTime:0.007381s ]
SQL: SHOW COLUMNS FROM `item_img` [ RunTime:0.0077s ]
NOTIC: [2] call_user_func() expects parameter 1 to be a valid callback, no array or string given F:\BaiduYunDownload\PHP\wampserver\wamp\www\thinkphp\ThinkPHP\Library\Think\Upload.class.php 第 170 行.
NOTIC: [8] Undefined index: validate F:\BaiduYunDownload\PHP\wampserver\wamp\www\thinkphp\ThinkPHP\Library\Think\Model.class.php 第 1185 行.
NOTIC: [8] Undefined index: auto F:\BaiduYunDownload\PHP\wampserver\wamp\www\thinkphp\ThinkPHP\Library\Think\Model.class.php 第 1128 行.

[ 2017-04-24T14:18:14+08:00 ] ::1 /thinkphp/index.php/Home/Page/goodsUploadify.html
INFO: [ app_init ] --START--
INFO: Run Behavior\BuildLiteBehavior [ RunTime:0.000591s ]
INFO: [ app_init ] --END-- [ RunTime:0.005556s ]
INFO: [ app_begin ] --START--
INFO: Run Behavior\ReadHtmlCacheBehavior [ RunTime:0.005185s ]
INFO: [ app_begin ] --END-- [ RunTime:0.008546s ]
SQL: SHOW COLUMNS FROM `item_img` [ RunTime:0.0099s ]
NOTIC: [2] call_user_func() expects parameter 1 to be a valid callback, no array or string given F:\BaiduYunDownload\PHP\wampserver\wamp\www\thinkphp\ThinkPHP\Library\Think\Upload.class.php 第 170 行.
NOTIC: [8] Undefined index: validate F:\BaiduYunDownload\PHP\wampserver\wamp\www\thinkphp\ThinkPHP\Library\Think\Model.class.php 第 1185 行.
NOTIC: [8] Undefined index: auto F:\BaiduYunDownload\PHP\wampserver\wamp\www\thinkphp\ThinkPHP\Library\Think\Model.class.php 第 1128 行.
SQL: INSERT INTO `item_img` (`url`) VALUES ('20170424_927606281.jpg') [ RunTime:0.3404s ]
INFO: [ app_end ] --START--
INFO: Run Behavior\ShowPageTraceBehavior [ RunTime:0.005816s ]
INFO: [ app_end ] --END-- [ RunTime:0.008653s ]

[ 2017-04-24T14:19:42+08:00 ] ::1 /thinkphp/index.php/Home/Page/goodsPage.html
INFO: [ app_init ] --START--
INFO: Run Behavior\BuildLiteBehavior [ RunTime:0.000405s ]
INFO: [ app_init ] --END-- [ RunTime:0.005455s ]
INFO: [ app_begin ] --START--
INFO: Run Behavior\ReadHtmlCacheBehavior [ RunTime:0.004435s ]
INFO: [ app_begin ] --END-- [ RunTime:0.007788s ]
SQL: SHOW COLUMNS FROM `item` [ RunTime:0.0195s ]
SQL: INSERT INTO `item` (`name`,`img`,`price`,`status`,`hot`,`type`,`brief`,`alreadybuy`,`city`) VALUES ('小花棒球帽','20170424_927606281.jpg','45','1','0','1','2017新款棒球帽，小花造型更添活泼','22','浙江绍兴') [ RunTime:0.1008s ]

[ 2017-04-24T14:19:42+08:00 ] ::1 /thinkphp/index.php/Home/Page/welcome.html
INFO: [ app_init ] --START--
INFO: Run Behavior\BuildLiteBehavior [ RunTime:0.000412s ]
INFO: [ app_init ] --END-- [ RunTime:0.004138s ]
INFO: [ app_begin ] --START--
INFO: Run Behavior\ReadHtmlCacheBehavior [ RunTime:0.004978s ]
INFO: [ app_begin ] --END-- [ RunTime:0.008234s ]
INFO: [ view_parse ] --START--
INFO: [ template_filter ] --START--
INFO: Run Behavior\ContentReplaceBehavior [ RunTime:0.001998s ]
INFO: [ template_filter ] --END-- [ RunTime:0.005951s ]
INFO: Run Behavior\ParseTemplateBehavior [ RunTime:0.099933s ]
INFO: [ view_parse ] --END-- [ RunTime:0.103164s ]
INFO: [ view_filter ] --START--
INFO: Run Behavior\WriteHtmlCacheBehavior [ RunTime:0.003741s ]
INFO: [ view_filter ] --END-- [ RunTime:0.007260s ]
INFO: [ app_end ] --START--
INFO: Run Behavior\ShowPageTraceBehavior [ RunTime:0.005402s ]
INFO: [ app_end ] --END-- [ RunTime:0.008821s ]

[ 2017-04-24T14:26:13+08:00 ] ::1 /thinkphp/index.php/Home/Page/goodsPage.html
INFO: [ app_init ] --START--
INFO: Run Behavior\BuildLiteBehavior [ RunTime:0.000398s ]
INFO: [ app_init ] --END-- [ RunTime:0.003490s ]
INFO: [ app_begin ] --START--
INFO: Run Behavior\ReadHtmlCacheBehavior [ RunTime:0.004991s ]
INFO: [ app_begin ] --END-- [ RunTime:0.008824s ]
INFO: [ view_parse ] --START--
INFO: [ template_filter ] --START--
INFO: Run Behavior\ContentReplaceBehavior [ RunTime:0.003855s ]
INFO: [ template_filter ] --END-- [ RunTime:0.007181s ]
INFO: Run Behavior\ParseTemplateBehavior [ RunTime:0.112123s ]
INFO: [ view_parse ] --END-- [ RunTime:0.114868s ]
INFO: [ view_filter ] --START--
INFO: Run Behavior\WriteHtmlCacheBehavior [ RunTime:0.004939s ]
INFO: [ view_filter ] --END-- [ RunTime:0.008196s ]
INFO: [ app_end ] --START--
INFO: Run Behavior\ShowPageTraceBehavior [ RunTime:0.004643s ]
INFO: [ app_end ] --END-- [ RunTime:0.006955s ]

[ 2017-04-24T14:26:25+08:00 ] ::1 /thinkphp/index.php/Home/Page/
INFO: [ app_init ] --START--
INFO: Run Behavior\BuildLiteBehavior [ RunTime:0.000686s ]
INFO: [ app_init ] --END-- [ RunTime:0.005819s ]
INFO: [ app_begin ] --START--
INFO: Run Behavior\ReadHtmlCacheBehavior [ RunTime:0.003075s ]
INFO: [ app_begin ] --END-- [ RunTime:0.005306s ]
ERR: 非法操作:index

[ 2017-04-24T14:26:47+08:00 ] ::1 /thinkphp/index.php/Home/Page/goodsUploadify.html
INFO: [ app_init ] --START--
INFO: Run Behavior\BuildLiteBehavior [ RunTime:0.000414s ]
INFO: [ app_init ] --END-- [ RunTime:0.004443s ]
INFO: [ app_begin ] --START--
INFO: Run Behavior\ReadHtmlCacheBehavior [ RunTime:0.003983s ]
INFO: [ app_begin ] --END-- [ RunTime:0.006362s ]
SQL: SHOW COLUMNS FROM `item_img` [ RunTime:0.0089s ]
NOTIC: [2] call_user_func() expects parameter 1 to be a valid callback, no array or string given F:\BaiduYunDownload\PHP\wampserver\wamp\www\thinkphp\ThinkPHP\Library\Think\Upload.class.php 第 170 行.
NOTIC: [8] Undefined index: validate F:\BaiduYunDownload\PHP\wampserver\wamp\www\thinkphp\ThinkPHP\Library\Think\Model.class.php 第 1185 行.
NOTIC: [8] Undefined index: auto F:\BaiduYunDownload\PHP\wampserver\wamp\www\thinkphp\ThinkPHP\Library\Think\Model.class.php 第 1128 行.
SQL: INSERT INTO `item_img` (`url`) VALUES ('20170424_1647924930.jpg') [ RunTime:0.0942s ]
INFO: [ app_end ] --START--
INFO: Run Behavior\ShowPageTraceBehavior [ RunTime:0.007925s ]
INFO: [ app_end ] --END-- [ RunTime:0.011000s ]

[ 2017-04-24T14:28:06+08:00 ] ::1 /thinkphp/index.php/Home/Page/goodsPage.html
INFO: [ app_init ] --START--
INFO: Run Behavior\BuildLiteBehavior [ RunTime:0.000428s ]
INFO: [ app_init ] --END-- [ RunTime:0.004763s ]
INFO: [ app_begin ] --START--
INFO: Run Behavior\ReadHtmlCacheBehavior [ RunTime:0.008224s ]
INFO: [ app_begin ] --END-- [ RunTime:0.011413s ]
SQL: SHOW COLUMNS FROM `item` [ RunTime:0.0096s ]
SQL: INSERT INTO `item` (`name`,`img`,`price`,`status`,`hot`,`type`,`brief`,`alreadybuy`,`city`) VALUES ('女士红漆皮包','20170424_1647924930.jpg','199','1','0','2','中国红，色彩鲜艳，带给夏日一抹活泼的色彩','765','湖北宜昌') [ RunTime:0.0654s ]

[ 2017-04-24T14:28:06+08:00 ] ::1 /thinkphp/index.php/Home/Page/welcome.html
INFO: [ app_init ] --START--
INFO: Run Behavior\BuildLiteBehavior [ RunTime:0.000609s ]
INFO: [ app_init ] --END-- [ RunTime:0.005219s ]
INFO: [ app_begin ] --START--
INFO: Run Behavior\ReadHtmlCacheBehavior [ RunTime:0.004429s ]
INFO: [ app_begin ] --END-- [ RunTime:0.006745s ]
INFO: [ view_parse ] --START--
INFO: [ template_filter ] --START--
INFO: Run Behavior\ContentReplaceBehavior [ RunTime:0.001248s ]
INFO: [ template_filter ] --END-- [ RunTime:0.004965s ]
INFO: Run Behavior\ParseTemplateBehavior [ RunTime:0.131776s ]
INFO: [ view_parse ] --END-- [ RunTime:0.136886s ]
INFO: [ view_filter ] --START--
INFO: Run Behavior\WriteHtmlCacheBehavior [ RunTime:0.005159s ]
INFO: [ view_filter ] --END-- [ RunTime:0.008696s ]
INFO: [ app_end ] --START--
INFO: Run Behavior\ShowPageTraceBehavior [ RunTime:0.004830s ]
INFO: [ app_end ] --END-- [ RunTime:0.008627s ]

