[ 2017-04-12T14:09:35+08:00 ] ::1 /thinkphp/Index.php/index
INFO: [ app_init ] --START--
INFO: Run Behavior\BuildLiteBehavior [ RunTime:0.000424s ]
INFO: [ app_init ] --END-- [ RunTime:0.004442s ]
ERR: 无法加载模块:Index

[ 2017-04-12T14:11:44+08:00 ] ::1 /thinkphp/index.php/Index/index
INFO: [ app_init ] --START--
INFO: Run Behavior\BuildLiteBehavior [ RunTime:0.000412s ]
INFO: [ app_init ] --END-- [ RunTime:0.004238s ]
ERR: 无法加载模块:Index

[ 2017-04-12T14:13:33+08:00 ] ::1 /thinkphp/index.php/Index/Index
INFO: [ app_init ] --START--
INFO: Run Behavior\BuildLiteBehavior [ RunTime:0.000638s ]
INFO: [ app_init ] --END-- [ RunTime:0.005171s ]
ERR: 无法加载模块:Index

[ 2017-04-12T14:13:39+08:00 ] ::1 /thinkphp/index.php/Index/index
INFO: [ app_init ] --START--
INFO: Run Behavior\BuildLiteBehavior [ RunTime:0.000715s ]
INFO: [ app_init ] --END-- [ RunTime:0.005664s ]
ERR: 无法加载模块:Index

[ 2017-04-12T14:15:42+08:00 ] ::1 /thinkphp/index.php/Index/index
INFO: [ app_init ] --START--
INFO: Run Behavior\BuildLiteBehavior [ RunTime:0.000444s ]
INFO: [ app_init ] --END-- [ RunTime:0.003808s ]
ERR: 无法加载模块:Index

[ 2017-04-12T14:15:45+08:00 ] ::1 /thinkphp/index.php/Index/index
INFO: [ app_init ] --START--
INFO: Run Behavior\BuildLiteBehavior [ RunTime:0.000424s ]
INFO: [ app_init ] --END-- [ RunTime:0.003744s ]
ERR: 无法加载模块:Index

[ 2017-04-12T14:15:53+08:00 ] ::1 /thinkphp/index.php/Index/index
INFO: [ app_init ] --START--
INFO: Run Behavior\BuildLiteBehavior [ RunTime:0.000671s ]
INFO: [ app_init ] --END-- [ RunTime:0.005669s ]
ERR: 无法加载模块:Index

